{"meta": {"format": 3, "version": "7.6.1", "timestamp": "2024-09-28T22:59:33.731532", "branch_coverage": true, "show_contexts": false}, "files": {"src/utils/__init__.py": {"executed_lines": [1, 2, 3, 4, 5, 6], "summary": {"covered_lines": 6, "num_statements": 6, "percent_covered": 100.0, "percent_covered_display": "100", "missing_lines": 0, "excluded_lines": 0, "num_branches": 0, "num_partial_branches": 0, "covered_branches": 0, "missing_branches": 0}, "missing_lines": [], "excluded_lines": [], "executed_branches": [], "missing_branches": [], "functions": {"": {"executed_lines": [1, 2, 3, 4, 5, 6], "summary": {"covered_lines": 6, "num_statements": 6, "percent_covered": 100.0, "percent_covered_display": "100", "missing_lines": 0, "excluded_lines": 0, "num_branches": 0, "num_partial_branches": 0, "covered_branches": 0, "missing_branches": 0}, "missing_lines": [], "excluded_lines": [], "executed_branches": [], "missing_branches": []}}, "classes": {"": {"executed_lines": [1, 2, 3, 4, 5, 6], "summary": {"covered_lines": 6, "num_statements": 6, "percent_covered": 100.0, "percent_covered_display": "100", "missing_lines": 0, "excluded_lines": 0, "num_branches": 0, "num_partial_branches": 0, "covered_branches": 0, "missing_branches": 0}, "missing_lines": [], "excluded_lines": [], "executed_branches": [], "missing_branches": []}}}, "src/utils/configuration.py": {"executed_lines": [1, 2, 3, 4, 6, 8, 10, 13, 16, 22, 23, 24, 37, 40, 51, 53, 55, 56, 57, 58, 59, 61, 62, 63, 66], "summary": {"covered_lines": 24, "num_statements": 28, "percent_covered": 86.11111111111111, "percent_covered_display": "86", "missing_lines": 4, "excluded_lines": 0, "num_branches": 8, "num_partial_branches": 1, "covered_branches": 7, "missing_branches": 1}, "missing_lines": [17, 19, 69, 70], "excluded_lines": [], "executed_branches": [[22, 23], [22, 24], [55, 56], [55, 63], [56, 55], [56, 57], [57, 58]], "missing_branches": [[57, 56]], "functions": {"get_config_path": {"executed_lines": [], "summary": {"covered_lines": 0, "num_statements": 2, "percent_covered": 0.0, "percent_covered_display": "0", "missing_lines": 2, "excluded_lines": 0, "num_branches": 0, "num_partial_branches": 0, "covered_branches": 0, "missing_branches": 0}, "missing_lines": [17, 19], "excluded_lines": [], "executed_branches": [], "missing_branches": []}, "load_config": {"executed_lines": [51, 53, 55, 56, 57, 58, 59, 61, 62, 63], "summary": {"covered_lines": 10, "num_statements": 10, "percent_covered": 93.75, "percent_covered_display": "94", "missing_lines": 0, "excluded_lines": 0, "num_branches": 6, "num_partial_branches": 1, "covered_branches": 5, "missing_branches": 1}, "missing_lines": [], "excluded_lines": [], "executed_branches": [[55, 56], [55, 63], [56, 55], [56, 57], [57, 58]], "missing_branches": [[57, 56]]}, "get_config": {"executed_lines": [], "summary": {"covered_lines": 0, "num_statements": 2, "percent_covered": 0.0, "percent_covered_display": "0", "missing_lines": 2, "excluded_lines": 0, "num_branches": 0, "num_partial_branches": 0, "covered_branches": 0, "missing_branches": 0}, "missing_lines": [69, 70], "excluded_lines": [], "executed_branches": [], "missing_branches": []}, "": {"executed_lines": [1, 2, 3, 4, 6, 8, 10, 13, 16, 22, 23, 24, 37, 40, 66], "summary": {"covered_lines": 14, "num_statements": 14, "percent_covered": 100.0, "percent_covered_display": "100", "missing_lines": 0, "excluded_lines": 0, "num_branches": 2, "num_partial_branches": 0, "covered_branches": 2, "missing_branches": 0}, "missing_lines": [], "excluded_lines": [], "executed_branches": [[22, 23], [22, 24]], "missing_branches": []}}, "classes": {"Configuration": {"executed_lines": [], "summary": {"covered_lines": 0, "num_statements": 0, "percent_covered": 100.0, "percent_covered_display": "100", "missing_lines": 0, "excluded_lines": 0, "num_branches": 0, "num_partial_branches": 0, "covered_branches": 0, "missing_branches": 0}, "missing_lines": [], "excluded_lines": [], "executed_branches": [], "missing_branches": []}, "": {"executed_lines": [1, 2, 3, 4, 6, 8, 10, 13, 16, 22, 23, 24, 37, 40, 51, 53, 55, 56, 57, 58, 59, 61, 62, 63, 66], "summary": {"covered_lines": 24, "num_statements": 28, "percent_covered": 86.11111111111111, "percent_covered_display": "86", "missing_lines": 4, "excluded_lines": 0, "num_branches": 8, "num_partial_branches": 1, "covered_branches": 7, "missing_branches": 1}, "missing_lines": [17, 19, 69, 70], "excluded_lines": [], "executed_branches": [[22, 23], [22, 24], [55, 56], [55, 63], [56, 55], [56, 57], [57, 58]], "missing_branches": [[57, 56]]}}}, "src/utils/creational/__init__.py": {"executed_lines": [1], "summary": {"covered_lines": 1, "num_statements": 1, "percent_covered": 100.0, "percent_covered_display": "100", "missing_lines": 0, "excluded_lines": 0, "num_branches": 0, "num_partial_branches": 0, "covered_branches": 0, "missing_branches": 0}, "missing_lines": [], "excluded_lines": [], "executed_branches": [], "missing_branches": [], "functions": {"": {"executed_lines": [1], "summary": {"covered_lines": 1, "num_statements": 1, "percent_covered": 100.0, "percent_covered_display": "100", "missing_lines": 0, "excluded_lines": 0, "num_branches": 0, "num_partial_branches": 0, "covered_branches": 0, "missing_branches": 0}, "missing_lines": [], "excluded_lines": [], "executed_branches": [], "missing_branches": []}}, "classes": {"": {"executed_lines": [1], "summary": {"covered_lines": 1, "num_statements": 1, "percent_covered": 100.0, "percent_covered_display": "100", "missing_lines": 0, "excluded_lines": 0, "num_branches": 0, "num_partial_branches": 0, "covered_branches": 0, "missing_branches": 0}, "missing_lines": [], "excluded_lines": [], "executed_branches": [], "missing_branches": []}}}, "src/utils/creational/singleton.py": {"executed_lines": [1, 7, 9, 10, 11, 12, 14], "summary": {"covered_lines": 7, "num_statements": 7, "percent_covered": 100.0, "percent_covered_display": "100", "missing_lines": 0, "excluded_lines": 0, "num_branches": 2, "num_partial_branches": 0, "covered_branches": 2, "missing_branches": 0}, "missing_lines": [], "excluded_lines": [], "executed_branches": [[10, 11], [10, 12]], "missing_branches": [], "functions": {"singleton": {"executed_lines": [7, 9, 14], "summary": {"covered_lines": 3, "num_statements": 3, "percent_covered": 100.0, "percent_covered_display": "100", "missing_lines": 0, "excluded_lines": 0, "num_branches": 0, "num_partial_branches": 0, "covered_branches": 0, "missing_branches": 0}, "missing_lines": [], "excluded_lines": [], "executed_branches": [], "missing_branches": []}, "singleton._singleton": {"executed_lines": [10, 11, 12], "summary": {"covered_lines": 3, "num_statements": 3, "percent_covered": 100.0, "percent_covered_display": "100", "missing_lines": 0, "excluded_lines": 0, "num_branches": 2, "num_partial_branches": 0, "covered_branches": 2, "missing_branches": 0}, "missing_lines": [], "excluded_lines": [], "executed_branches": [[10, 11], [10, 12]], "missing_branches": []}, "": {"executed_lines": [1], "summary": {"covered_lines": 1, "num_statements": 1, "percent_covered": 100.0, "percent_covered_display": "100", "missing_lines": 0, "excluded_lines": 0, "num_branches": 0, "num_partial_branches": 0, "covered_branches": 0, "missing_branches": 0}, "missing_lines": [], "excluded_lines": [], "executed_branches": [], "missing_branches": []}}, "classes": {"": {"executed_lines": [1, 7, 9, 10, 11, 12, 14], "summary": {"covered_lines": 7, "num_statements": 7, "percent_covered": 100.0, "percent_covered_display": "100", "missing_lines": 0, "excluded_lines": 0, "num_branches": 2, "num_partial_branches": 0, "covered_branches": 2, "missing_branches": 0}, "missing_lines": [], "excluded_lines": [], "executed_branches": [[10, 11], [10, 12]], "missing_branches": []}}}, "src/utils/dictionary.py": {"executed_lines": [1, 4, 18, 48, 73, 86, 87, 89, 90, 91, 93, 94, 96, 98], "summary": {"covered_lines": 14, "num_statements": 38, "percent_covered": 33.333333333333336, "percent_covered_display": "33", "missing_lines": 24, "excluded_lines": 0, "num_branches": 22, "num_partial_branches": 2, "covered_branches": 6, "missing_branches": 16}, "missing_lines": [14, 15, 30, 31, 32, 34, 35, 36, 37, 38, 39, 40, 41, 42, 43, 45, 61, 62, 64, 65, 67, 68, 70, 92], "excluded_lines": [], "executed_branches": [[86, 87], [90, 91], [90, 98], [91, 93], [93, 94], [93, 96]], "missing_branches": [[34, 35], [34, 45], [35, 36], [35, 37], [37, 38], [37, 42], [39, 40], [39, 41], [42, 34], [42, 43], [64, 65], [64, 67], [67, 68], [67, 70], [86, 89], [91, 92]], "functions": {"filter_dict": {"executed_lines": [], "summary": {"covered_lines": 0, "num_statements": 2, "percent_covered": 0.0, "percent_covered_display": "0", "missing_lines": 2, "excluded_lines": 0, "num_branches": 0, "num_partial_branches": 0, "covered_branches": 0, "missing_branches": 0}, "missing_lines": [14, 15], "excluded_lines": [], "executed_branches": [], "missing_branches": []}, "is_subdict": {"executed_lines": [], "summary": {"covered_lines": 0, "num_statements": 14, "percent_covered": 0.0, "percent_covered_display": "0", "missing_lines": 14, "excluded_lines": 0, "num_branches": 10, "num_partial_branches": 0, "covered_branches": 0, "missing_branches": 10}, "missing_lines": [30, 31, 32, 34, 35, 36, 37, 38, 39, 40, 41, 42, 43, 45], "excluded_lines": [], "executed_branches": [], "missing_branches": [[34, 35], [34, 45], [35, 36], [35, 37], [37, 38], [37, 42], [39, 40], [39, 41], [42, 34], [42, 43]]}, "is_equal": {"executed_lines": [], "summary": {"covered_lines": 0, "num_statements": 7, "percent_covered": 0.0, "percent_covered_display": "0", "missing_lines": 7, "excluded_lines": 0, "num_branches": 4, "num_partial_branches": 0, "covered_branches": 0, "missing_branches": 4}, "missing_lines": [61, 62, 64, 65, 67, 68, 70], "excluded_lines": [], "executed_branches": [], "missing_branches": [[64, 65], [64, 67], [67, 68], [67, 70]]}, "merge_dicts": {"executed_lines": [86, 87, 89, 90, 91, 93, 94, 96, 98], "summary": {"covered_lines": 9, "num_statements": 10, "percent_covered": 83.33333333333333, "percent_covered_display": "83", "missing_lines": 1, "excluded_lines": 0, "num_branches": 8, "num_partial_branches": 2, "covered_branches": 6, "missing_branches": 2}, "missing_lines": [92], "excluded_lines": [], "executed_branches": [[86, 87], [90, 91], [90, 98], [91, 93], [93, 94], [93, 96]], "missing_branches": [[86, 89], [91, 92]]}, "": {"executed_lines": [1, 4, 18, 48, 73], "summary": {"covered_lines": 5, "num_statements": 5, "percent_covered": 100.0, "percent_covered_display": "100", "missing_lines": 0, "excluded_lines": 0, "num_branches": 0, "num_partial_branches": 0, "covered_branches": 0, "missing_branches": 0}, "missing_lines": [], "excluded_lines": [], "executed_branches": [], "missing_branches": []}}, "classes": {"": {"executed_lines": [1, 4, 18, 48, 73, 86, 87, 89, 90, 91, 93, 94, 96, 98], "summary": {"covered_lines": 14, "num_statements": 38, "percent_covered": 33.333333333333336, "percent_covered_display": "33", "missing_lines": 24, "excluded_lines": 0, "num_branches": 22, "num_partial_branches": 2, "covered_branches": 6, "missing_branches": 16}, "missing_lines": [14, 15, 30, 31, 32, 34, 35, 36, 37, 38, 39, 40, 41, 42, 43, 45, 61, 62, 64, 65, 67, 68, 70, 92], "excluded_lines": [], "executed_branches": [[86, 87], [90, 91], [90, 98], [91, 93], [93, 94], [93, 96]], "missing_branches": [[34, 35], [34, 45], [35, 36], [35, 37], [37, 38], [37, 42], [39, 40], [39, 41], [42, 34], [42, 43], [64, 65], [64, 67], [67, 68], [67, 70], [86, 89], [91, 92]]}}}, "src/utils/io.py": {"executed_lines": [1, 4, 10, 12, 13], "summary": {"covered_lines": 5, "num_statements": 5, "percent_covered": 100.0, "percent_covered_display": "100", "missing_lines": 0, "excluded_lines": 0, "num_branches": 2, "num_partial_branches": 0, "covered_branches": 2, "missing_branches": 0}, "missing_lines": [], "excluded_lines": [], "executed_branches": [[10, -4], [10, 12]], "missing_branches": [], "functions": {"yaml_to_dict": {"executed_lines": [10, 12, 13], "summary": {"covered_lines": 3, "num_statements": 3, "percent_covered": 100.0, "percent_covered_display": "100", "missing_lines": 0, "excluded_lines": 0, "num_branches": 2, "num_partial_branches": 0, "covered_branches": 2, "missing_branches": 0}, "missing_lines": [], "excluded_lines": [], "executed_branches": [[10, -4], [10, 12]], "missing_branches": []}, "": {"executed_lines": [1, 4], "summary": {"covered_lines": 2, "num_statements": 2, "percent_covered": 100.0, "percent_covered_display": "100", "missing_lines": 0, "excluded_lines": 0, "num_branches": 0, "num_partial_branches": 0, "covered_branches": 0, "missing_branches": 0}, "missing_lines": [], "excluded_lines": [], "executed_branches": [], "missing_branches": []}}, "classes": {"": {"executed_lines": [1, 4, 10, 12, 13], "summary": {"covered_lines": 5, "num_statements": 5, "percent_covered": 100.0, "percent_covered_display": "100", "missing_lines": 0, "excluded_lines": 0, "num_branches": 2, "num_partial_branches": 0, "covered_branches": 2, "missing_branches": 0}, "missing_lines": [], "excluded_lines": [], "executed_branches": [[10, -4], [10, 12]], "missing_branches": []}}}, "src/utils/logs.py": {"executed_lines": [1, 13, 14, 15, 16, 17, 19, 20, 22, 24, 49, 50, 52, 55, 60, 63, 65, 67, 76, 84, 89, 91, 92, 93, 95, 100, 101, 102, 103, 104, 105, 106, 108, 109, 111, 112, 115, 116, 118, 120, 122, 123, 126, 130, 131, 133, 134, 136, 137, 138, 142, 143, 146, 151, 152, 153, 154, 156, 157, 159, 160, 162, 163, 173, 176, 177, 183, 186, 188, 209, 211, 221, 222, 223, 225, 227, 232, 233, 234, 237, 239, 245, 247, 251, 252, 254, 271, 272, 273, 275, 277, 281], "summary": {"covered_lines": 92, "num_statements": 121, "percent_covered": 76.15894039735099, "percent_covered_display": "76", "missing_lines": 29, "excluded_lines": 0, "num_branches": 30, "num_partial_branches": 1, "covered_branches": 23, "missing_branches": 7}, "missing_lines": [85, 87, 96, 98, 124, 127, 139, 144, 147, 164, 174, 189, 191, 192, 194, 196, 197, 199, 200, 201, 202, 203, 205, 206, 265, 266, 268, 278, 279], "excluded_lines": [], "executed_branches": [[92, -91], [92, 93], [100, 101], [100, 102], [111, 112], [111, 120], [115, 116], [115, 118], [123, 122], [123, 126], [130, 131], [130, 133], [136, -133], [136, 137], [138, 136], [143, 142], [143, 146], [151, 152], [151, 153], [163, 162], [163, 173], [251, -239], [251, 252]], "missing_branches": [[138, 139], [191, 192], [191, 194], [196, 197], [196, 199], [265, 266], [265, 268]], "functions": {"get_config": {"executed_lines": [50], "summary": {"covered_lines": 1, "num_statements": 1, "percent_covered": 100.0, "percent_covered_display": "100", "missing_lines": 0, "excluded_lines": 0, "num_branches": 0, "num_partial_branches": 0, "covered_branches": 0, "missing_branches": 0}, "missing_lines": [], "excluded_lines": [], "executed_branches": [], "missing_branches": []}, "load_config": {"executed_lines": [55, 60, 63], "summary": {"covered_lines": 3, "num_statements": 3, "percent_covered": 100.0, "percent_covered_display": "100", "missing_lines": 0, "excluded_lines": 0, "num_branches": 0, "num_partial_branches": 0, "covered_branches": 0, "missing_branches": 0}, "missing_lines": [], "excluded_lines": [], "executed_branches": [], "missing_branches": []}, "standardize_log_record": {"executed_lines": [], "summary": {"covered_lines": 0, "num_statements": 2, "percent_covered": 0.0, "percent_covered_display": "0", "missing_lines": 2, "excluded_lines": 0, "num_branches": 0, "num_partial_branches": 0, "covered_branches": 0, "missing_branches": 0}, "missing_lines": [85, 87], "excluded_lines": [], "executed_branches": [], "missing_branches": []}, "DynamicObjectMixin.__init__": {"executed_lines": [92, 93], "summary": {"covered_lines": 2, "num_statements": 2, "percent_covered": 100.0, "percent_covered_display": "100", "missing_lines": 0, "excluded_lines": 0, "num_branches": 2, "num_partial_branches": 0, "covered_branches": 2, "missing_branches": 0}, "missing_lines": [], "excluded_lines": [], "executed_branches": [[92, -91], [92, 93]], "missing_branches": []}, "DynamicObjectMixin.__repr__": {"executed_lines": [], "summary": {"covered_lines": 0, "num_statements": 2, "percent_covered": 0.0, "percent_covered_display": "0", "missing_lines": 2, "excluded_lines": 0, "num_branches": 0, "num_partial_branches": 0, "covered_branches": 0, "missing_branches": 0}, "missing_lines": [96, 98], "excluded_lines": [], "executed_branches": [], "missing_branches": []}, "LogSource.__init__": {"executed_lines": [109, 111, 112, 115, 116, 118, 120], "summary": {"covered_lines": 7, "num_statements": 7, "percent_covered": 100.0, "percent_covered_display": "100", "missing_lines": 0, "excluded_lines": 0, "num_branches": 4, "num_partial_branches": 0, "covered_branches": 4, "missing_branches": 0}, "missing_lines": [], "excluded_lines": [], "executed_branches": [[111, 112], [111, 120], [115, 116], [115, 118]], "missing_branches": []}, "LogSource.json": {"executed_lines": [], "summary": {"covered_lines": 0, "num_statements": 1, "percent_covered": 0.0, "percent_covered_display": "0", "missing_lines": 1, "excluded_lines": 0, "num_branches": 0, "num_partial_branches": 0, "covered_branches": 0, "missing_branches": 0}, "missing_lines": [124], "excluded_lines": [], "executed_branches": [], "missing_branches": []}, "LogSource.__repr__": {"executed_lines": [], "summary": {"covered_lines": 0, "num_statements": 1, "percent_covered": 0.0, "percent_covered_display": "0", "missing_lines": 1, "excluded_lines": 0, "num_branches": 0, "num_partial_branches": 0, "covered_branches": 0, "missing_branches": 0}, "missing_lines": [127], "excluded_lines": [], "executed_branches": [], "missing_branches": []}, "LogMetadata.__init__": {"executed_lines": [134, 136, 137, 138], "summary": {"covered_lines": 4, "num_statements": 5, "percent_covered": 77.77777777777777, "percent_covered_display": "78", "missing_lines": 1, "excluded_lines": 0, "num_branches": 4, "num_partial_branches": 1, "covered_branches": 3, "missing_branches": 1}, "missing_lines": [139], "excluded_lines": [], "executed_branches": [[136, -133], [136, 137], [138, 136]], "missing_branches": [[138, 139]]}, "LogMetadata.json": {"executed_lines": [], "summary": {"covered_lines": 0, "num_statements": 1, "percent_covered": 0.0, "percent_covered_display": "0", "missing_lines": 1, "excluded_lines": 0, "num_branches": 0, "num_partial_branches": 0, "covered_branches": 0, "missing_branches": 0}, "missing_lines": [144], "excluded_lines": [], "executed_branches": [], "missing_branches": []}, "LogMetadata.__repr__": {"executed_lines": [], "summary": {"covered_lines": 0, "num_statements": 1, "percent_covered": 0.0, "percent_covered_display": "0", "missing_lines": 1, "excluded_lines": 0, "num_branches": 0, "num_partial_branches": 0, "covered_branches": 0, "missing_branches": 0}, "missing_lines": [147], "excluded_lines": [], "executed_branches": [], "missing_branches": []}, "LogRecord.__init__": {"executed_lines": [157, 159, 160], "summary": {"covered_lines": 3, "num_statements": 3, "percent_covered": 100.0, "percent_covered_display": "100", "missing_lines": 0, "excluded_lines": 0, "num_branches": 0, "num_partial_branches": 0, "covered_branches": 0, "missing_branches": 0}, "missing_lines": [], "excluded_lines": [], "executed_branches": [], "missing_branches": []}, "LogRecord.json": {"executed_lines": [], "summary": {"covered_lines": 0, "num_statements": 1, "percent_covered": 0.0, "percent_covered_display": "0", "missing_lines": 1, "excluded_lines": 0, "num_branches": 0, "num_partial_branches": 0, "covered_branches": 0, "missing_branches": 0}, "missing_lines": [164], "excluded_lines": [], "executed_branches": [], "missing_branches": []}, "LogRecord.__str__": {"executed_lines": [], "summary": {"covered_lines": 0, "num_statements": 1, "percent_covered": 0.0, "percent_covered_display": "0", "missing_lines": 1, "excluded_lines": 0, "num_branches": 0, "num_partial_branches": 0, "covered_branches": 0, "missing_branches": 0}, "missing_lines": [174], "excluded_lines": [], "executed_branches": [], "missing_branches": []}, "InlineLogFormatter.__init__": {"executed_lines": [183], "summary": {"covered_lines": 1, "num_statements": 1, "percent_covered": 100.0, "percent_covered_display": "100", "missing_lines": 0, "excluded_lines": 0, "num_branches": 0, "num_partial_branches": 0, "covered_branches": 0, "missing_branches": 0}, "missing_lines": [], "excluded_lines": [], "executed_branches": [], "missing_branches": []}, "JSONFormatter.format": {"executed_lines": [], "summary": {"covered_lines": 0, "num_statements": 13, "percent_covered": 0.0, "percent_covered_display": "0", "missing_lines": 13, "excluded_lines": 0, "num_branches": 4, "num_partial_branches": 0, "covered_branches": 0, "missing_branches": 4}, "missing_lines": [189, 191, 192, 194, 196, 197, 199, 200, 201, 202, 203, 205, 206], "excluded_lines": [], "executed_branches": [], "missing_branches": [[191, 192], [191, 194], [196, 197], [196, 199]]}, "PersistentLogHandler.__init__": {"executed_lines": [221, 222, 223], "summary": {"covered_lines": 3, "num_statements": 3, "percent_covered": 100.0, "percent_covered_display": "100", "missing_lines": 0, "excluded_lines": 0, "num_branches": 0, "num_partial_branches": 0, "covered_branches": 0, "missing_branches": 0}, "missing_lines": [], "excluded_lines": [], "executed_branches": [], "missing_branches": []}, "TemporaryLogHandler.__init__": {"executed_lines": [232, 233, 234], "summary": {"covered_lines": 3, "num_statements": 3, "percent_covered": 100.0, "percent_covered_display": "100", "missing_lines": 0, "excluded_lines": 0, "num_branches": 0, "num_partial_branches": 0, "covered_branches": 0, "missing_branches": 0}, "missing_lines": [], "excluded_lines": [], "executed_branches": [], "missing_branches": []}, "Logger.__init__": {"executed_lines": [245, 247, 251, 252], "summary": {"covered_lines": 4, "num_statements": 4, "percent_covered": 100.0, "percent_covered_display": "100", "missing_lines": 0, "excluded_lines": 0, "num_branches": 2, "num_partial_branches": 0, "covered_branches": 2, "missing_branches": 0}, "missing_lines": [], "excluded_lines": [], "executed_branches": [[251, -239], [251, 252]], "missing_branches": []}, "Logger._log": {"executed_lines": [], "summary": {"covered_lines": 0, "num_statements": 3, "percent_covered": 0.0, "percent_covered_display": "0", "missing_lines": 3, "excluded_lines": 0, "num_branches": 2, "num_partial_branches": 0, "covered_branches": 0, "missing_branches": 2}, "missing_lines": [265, 266, 268], "excluded_lines": [], "executed_branches": [], "missing_branches": [[265, 266], [265, 268]]}, "bootstrap": {"executed_lines": [272, 273, 275], "summary": {"covered_lines": 3, "num_statements": 3, "percent_covered": 100.0, "percent_covered_display": "100", "missing_lines": 0, "excluded_lines": 0, "num_branches": 0, "num_partial_branches": 0, "covered_branches": 0, "missing_branches": 0}, "missing_lines": [], "excluded_lines": [], "executed_branches": [], "missing_branches": []}, "get_logger": {"executed_lines": [], "summary": {"covered_lines": 0, "num_statements": 2, "percent_covered": 0.0, "percent_covered_display": "0", "missing_lines": 2, "excluded_lines": 0, "num_branches": 0, "num_partial_branches": 0, "covered_branches": 0, "missing_branches": 0}, "missing_lines": [278, 279], "excluded_lines": [], "executed_branches": [], "missing_branches": []}, "": {"executed_lines": [1, 13, 14, 15, 16, 17, 19, 20, 22, 24, 49, 52, 65, 67, 76, 84, 89, 91, 95, 100, 101, 102, 103, 104, 105, 106, 108, 122, 123, 126, 130, 131, 133, 142, 143, 146, 151, 152, 153, 154, 156, 162, 163, 173, 176, 177, 186, 188, 209, 211, 225, 227, 237, 239, 254, 271, 277, 281], "summary": {"covered_lines": 58, "num_statements": 58, "percent_covered": 100.0, "percent_covered_display": "100", "missing_lines": 0, "excluded_lines": 0, "num_branches": 12, "num_partial_branches": 0, "covered_branches": 12, "missing_branches": 0}, "missing_lines": [], "excluded_lines": [], "executed_branches": [[100, 101], [100, 102], [123, 122], [123, 126], [130, 131], [130, 133], [143, 142], [143, 146], [151, 152], [151, 153], [163, 162], [163, 173]], "missing_branches": []}}, "classes": {"DynamicObjectMixin": {"executed_lines": [92, 93], "summary": {"covered_lines": 2, "num_statements": 4, "percent_covered": 66.66666666666667, "percent_covered_display": "67", "missing_lines": 2, "excluded_lines": 0, "num_branches": 2, "num_partial_branches": 0, "covered_branches": 2, "missing_branches": 0}, "missing_lines": [96, 98], "excluded_lines": [], "executed_branches": [[92, -91], [92, 93]], "missing_branches": []}, "LogSource": {"executed_lines": [109, 111, 112, 115, 116, 118, 120], "summary": {"covered_lines": 7, "num_statements": 9, "percent_covered": 84.61538461538461, "percent_covered_display": "85", "missing_lines": 2, "excluded_lines": 0, "num_branches": 4, "num_partial_branches": 0, "covered_branches": 4, "missing_branches": 0}, "missing_lines": [124, 127], "excluded_lines": [], "executed_branches": [[111, 112], [111, 120], [115, 116], [115, 118]], "missing_branches": []}, "LogMetadata": {"executed_lines": [134, 136, 137, 138], "summary": {"covered_lines": 4, "num_statements": 7, "percent_covered": 63.63636363636363, "percent_covered_display": "64", "missing_lines": 3, "excluded_lines": 0, "num_branches": 4, "num_partial_branches": 1, "covered_branches": 3, "missing_branches": 1}, "missing_lines": [139, 144, 147], "excluded_lines": [], "executed_branches": [[136, -133], [136, 137], [138, 136]], "missing_branches": [[138, 139]]}, "LogRecord": {"executed_lines": [157, 159, 160], "summary": {"covered_lines": 3, "num_statements": 5, "percent_covered": 60.0, "percent_covered_display": "60", "missing_lines": 2, "excluded_lines": 0, "num_branches": 0, "num_partial_branches": 0, "covered_branches": 0, "missing_branches": 0}, "missing_lines": [164, 174], "excluded_lines": [], "executed_branches": [], "missing_branches": []}, "InlineLogFormatter": {"executed_lines": [183], "summary": {"covered_lines": 1, "num_statements": 1, "percent_covered": 100.0, "percent_covered_display": "100", "missing_lines": 0, "excluded_lines": 0, "num_branches": 0, "num_partial_branches": 0, "covered_branches": 0, "missing_branches": 0}, "missing_lines": [], "excluded_lines": [], "executed_branches": [], "missing_branches": []}, "JSONFormatter": {"executed_lines": [], "summary": {"covered_lines": 0, "num_statements": 13, "percent_covered": 0.0, "percent_covered_display": "0", "missing_lines": 13, "excluded_lines": 0, "num_branches": 4, "num_partial_branches": 0, "covered_branches": 0, "missing_branches": 4}, "missing_lines": [189, 191, 192, 194, 196, 197, 199, 200, 201, 202, 203, 205, 206], "excluded_lines": [], "executed_branches": [], "missing_branches": [[191, 192], [191, 194], [196, 197], [196, 199]]}, "PersistentLogHandler": {"executed_lines": [221, 222, 223], "summary": {"covered_lines": 3, "num_statements": 3, "percent_covered": 100.0, "percent_covered_display": "100", "missing_lines": 0, "excluded_lines": 0, "num_branches": 0, "num_partial_branches": 0, "covered_branches": 0, "missing_branches": 0}, "missing_lines": [], "excluded_lines": [], "executed_branches": [], "missing_branches": []}, "TemporaryLogHandler": {"executed_lines": [232, 233, 234], "summary": {"covered_lines": 3, "num_statements": 3, "percent_covered": 100.0, "percent_covered_display": "100", "missing_lines": 0, "excluded_lines": 0, "num_branches": 0, "num_partial_branches": 0, "covered_branches": 0, "missing_branches": 0}, "missing_lines": [], "excluded_lines": [], "executed_branches": [], "missing_branches": []}, "Logger": {"executed_lines": [245, 247, 251, 252], "summary": {"covered_lines": 4, "num_statements": 7, "percent_covered": 54.54545454545455, "percent_covered_display": "55", "missing_lines": 3, "excluded_lines": 0, "num_branches": 4, "num_partial_branches": 0, "covered_branches": 2, "missing_branches": 2}, "missing_lines": [265, 266, 268], "excluded_lines": [], "executed_branches": [[251, -239], [251, 252]], "missing_branches": [[265, 266], [265, 268]]}, "": {"executed_lines": [1, 13, 14, 15, 16, 17, 19, 20, 22, 24, 49, 50, 52, 55, 60, 63, 65, 67, 76, 84, 89, 91, 95, 100, 101, 102, 103, 104, 105, 106, 108, 122, 123, 126, 130, 131, 133, 142, 143, 146, 151, 152, 153, 154, 156, 162, 163, 173, 176, 177, 186, 188, 209, 211, 225, 227, 237, 239, 254, 271, 272, 273, 275, 277, 281], "summary": {"covered_lines": 65, "num_statements": 69, "percent_covered": 95.06172839506173, "percent_covered_display": "95", "missing_lines": 4, "excluded_lines": 0, "num_branches": 12, "num_partial_branches": 0, "covered_branches": 12, "missing_branches": 0}, "missing_lines": [85, 87, 278, 279], "excluded_lines": [], "executed_branches": [[100, 101], [100, 102], [123, 122], [123, 126], [130, 131], [130, 133], [143, 142], [143, 146], [151, 152], [151, 153], [163, 162], [163, 173]], "missing_branches": []}}}, "src/utils/security/__init__.py": {"executed_lines": [], "summary": {"covered_lines": 0, "num_statements": 1, "percent_covered": 0.0, "percent_covered_display": "0", "missing_lines": 1, "excluded_lines": 0, "num_branches": 0, "num_partial_branches": 0, "covered_branches": 0, "missing_branches": 0}, "missing_lines": [1], "excluded_lines": [], "executed_branches": [], "missing_branches": [], "functions": {"": {"executed_lines": [], "summary": {"covered_lines": 0, "num_statements": 1, "percent_covered": 0.0, "percent_covered_display": "0", "missing_lines": 1, "excluded_lines": 0, "num_branches": 0, "num_partial_branches": 0, "covered_branches": 0, "missing_branches": 0}, "missing_lines": [1], "excluded_lines": [], "executed_branches": [], "missing_branches": []}}, "classes": {"": {"executed_lines": [], "summary": {"covered_lines": 0, "num_statements": 1, "percent_covered": 0.0, "percent_covered_display": "0", "missing_lines": 1, "excluded_lines": 0, "num_branches": 0, "num_partial_branches": 0, "covered_branches": 0, "missing_branches": 0}, "missing_lines": [1], "excluded_lines": [], "executed_branches": [], "missing_branches": []}}}, "src/utils/security/credential_token.py": {"executed_lines": [], "summary": {"covered_lines": 0, "num_statements": 49, "percent_covered": 0.0, "percent_covered_display": "0", "missing_lines": 49, "excluded_lines": 0, "num_branches": 12, "num_partial_branches": 0, "covered_branches": 0, "missing_branches": 12}, "missing_lines": [1, 2, 3, 4, 6, 8, 11, 12, 43, 44, 45, 48, 51, 52, 54, 55, 56, 58, 72, 73, 75, 89, 90, 92, 93, 107, 109, 110, 124, 127, 138, 141, 147, 148, 149, 151, 152, 153, 155, 156, 158, 160, 161, 162, 164, 165, 166, 167, 168], "excluded_lines": [], "executed_branches": [], "missing_branches": [[11, 12], [11, 13], [93, 92], [93, 109], [110, -48], [110, 109], [151, 152], [151, 155], [155, 156], [155, 158], [165, 166], [165, 167]], "functions": {"AbstractToken.__init__": {"executed_lines": [], "summary": {"covered_lines": 0, "num_statements": 2, "percent_covered": 0.0, "percent_covered_display": "0", "missing_lines": 2, "excluded_lines": 0, "num_branches": 0, "num_partial_branches": 0, "covered_branches": 0, "missing_branches": 0}, "missing_lines": [44, 45], "excluded_lines": [], "executed_branches": [], "missing_branches": []}, "AbstractTokenFactory.__init__": {"executed_lines": [], "summary": {"covered_lines": 0, "num_statements": 2, "percent_covered": 0.0, "percent_covered_display": "0", "missing_lines": 2, "excluded_lines": 0, "num_branches": 0, "num_partial_branches": 0, "covered_branches": 0, "missing_branches": 0}, "missing_lines": [55, 56], "excluded_lines": [], "executed_branches": [], "missing_branches": []}, "AbstractTokenFactory.encode": {"executed_lines": [], "summary": {"covered_lines": 0, "num_statements": 2, "percent_covered": 0.0, "percent_covered_display": "0", "missing_lines": 2, "excluded_lines": 0, "num_branches": 0, "num_partial_branches": 0, "covered_branches": 0, "missing_branches": 0}, "missing_lines": [72, 73], "excluded_lines": [], "executed_branches": [], "missing_branches": []}, "AbstractTokenFactory.decode": {"executed_lines": [], "summary": {"covered_lines": 0, "num_statements": 2, "percent_covered": 0.0, "percent_covered_display": "0", "missing_lines": 2, "excluded_lines": 0, "num_branches": 0, "num_partial_branches": 0, "covered_branches": 0, "missing_branches": 0}, "missing_lines": [89, 90], "excluded_lines": [], "executed_branches": [], "missing_branches": []}, "AbstractTokenFactory._encode": {"executed_lines": [], "summary": {"covered_lines": 0, "num_statements": 1, "percent_covered": 0.0, "percent_covered_display": "0", "missing_lines": 1, "excluded_lines": 0, "num_branches": 0, "num_partial_branches": 0, "covered_branches": 0, "missing_branches": 0}, "missing_lines": [107], "excluded_lines": [], "executed_branches": [], "missing_branches": []}, "AbstractTokenFactory._decode": {"executed_lines": [], "summary": {"covered_lines": 0, "num_statements": 1, "percent_covered": 0.0, "percent_covered_display": "0", "missing_lines": 1, "excluded_lines": 0, "num_branches": 0, "num_partial_branches": 0, "covered_branches": 0, "missing_branches": 0}, "missing_lines": [124], "excluded_lines": [], "executed_branches": [], "missing_branches": []}, "JwtTokenFactory.__init__": {"executed_lines": [], "summary": {"covered_lines": 0, "num_statements": 9, "percent_covered": 0.0, "percent_covered_display": "0", "missing_lines": 9, "excluded_lines": 0, "num_branches": 4, "num_partial_branches": 0, "covered_branches": 0, "missing_branches": 4}, "missing_lines": [147, 148, 149, 151, 152, 153, 155, 156, 158], "excluded_lines": [], "executed_branches": [], "missing_branches": [[151, 152], [151, 155], [155, 156], [155, 158]]}, "JwtTokenFactory._encode": {"executed_lines": [], "summary": {"covered_lines": 0, "num_statements": 2, "percent_covered": 0.0, "percent_covered_display": "0", "missing_lines": 2, "excluded_lines": 0, "num_branches": 0, "num_partial_branches": 0, "covered_branches": 0, "missing_branches": 0}, "missing_lines": [161, 162], "excluded_lines": [], "executed_branches": [], "missing_branches": []}, "JwtTokenFactory._decode": {"executed_lines": [], "summary": {"covered_lines": 0, "num_statements": 4, "percent_covered": 0.0, "percent_covered_display": "0", "missing_lines": 4, "excluded_lines": 0, "num_branches": 2, "num_partial_branches": 0, "covered_branches": 0, "missing_branches": 2}, "missing_lines": [165, 166, 167, 168], "excluded_lines": [], "executed_branches": [], "missing_branches": [[165, 166], [165, 167]]}, "": {"executed_lines": [], "summary": {"covered_lines": 0, "num_statements": 24, "percent_covered": 0.0, "percent_covered_display": "0", "missing_lines": 24, "excluded_lines": 0, "num_branches": 6, "num_partial_branches": 0, "covered_branches": 0, "missing_branches": 6}, "missing_lines": [1, 2, 3, 4, 6, 8, 11, 12, 43, 48, 51, 52, 54, 58, 75, 92, 93, 109, 110, 127, 138, 141, 160, 164], "excluded_lines": [], "executed_branches": [], "missing_branches": [[11, 12], [11, 13], [93, 92], [93, 109], [110, -48], [110, 109]]}}, "classes": {"AbstractToken": {"executed_lines": [], "summary": {"covered_lines": 0, "num_statements": 2, "percent_covered": 0.0, "percent_covered_display": "0", "missing_lines": 2, "excluded_lines": 0, "num_branches": 0, "num_partial_branches": 0, "covered_branches": 0, "missing_branches": 0}, "missing_lines": [44, 45], "excluded_lines": [], "executed_branches": [], "missing_branches": []}, "AbstractTokenFactory": {"executed_lines": [], "summary": {"covered_lines": 0, "num_statements": 8, "percent_covered": 0.0, "percent_covered_display": "0", "missing_lines": 8, "excluded_lines": 0, "num_branches": 0, "num_partial_branches": 0, "covered_branches": 0, "missing_branches": 0}, "missing_lines": [55, 56, 72, 73, 89, 90, 107, 124], "excluded_lines": [], "executed_branches": [], "missing_branches": []}, "JwtToken": {"executed_lines": [], "summary": {"covered_lines": 0, "num_statements": 0, "percent_covered": 100.0, "percent_covered_display": "100", "missing_lines": 0, "excluded_lines": 0, "num_branches": 0, "num_partial_branches": 0, "covered_branches": 0, "missing_branches": 0}, "missing_lines": [], "excluded_lines": [], "executed_branches": [], "missing_branches": []}, "JwtTokenFactory": {"executed_lines": [], "summary": {"covered_lines": 0, "num_statements": 15, "percent_covered": 0.0, "percent_covered_display": "0", "missing_lines": 15, "excluded_lines": 0, "num_branches": 6, "num_partial_branches": 0, "covered_branches": 0, "missing_branches": 6}, "missing_lines": [147, 148, 149, 151, 152, 153, 155, 156, 158, 161, 162, 165, 166, 167, 168], "excluded_lines": [], "executed_branches": [], "missing_branches": [[151, 152], [151, 155], [155, 156], [155, 158], [165, 166], [165, 167]]}, "": {"executed_lines": [], "summary": {"covered_lines": 0, "num_statements": 24, "percent_covered": 0.0, "percent_covered_display": "0", "missing_lines": 24, "excluded_lines": 0, "num_branches": 6, "num_partial_branches": 0, "covered_branches": 0, "missing_branches": 6}, "missing_lines": [1, 2, 3, 4, 6, 8, 11, 12, 43, 48, 51, 52, 54, 58, 75, 92, 93, 109, 110, 127, 138, 141, 160, 164], "excluded_lines": [], "executed_branches": [], "missing_branches": [[11, 12], [11, 13], [93, 92], [93, 109], [110, -48], [110, 109]]}}}, "src/utils/test/__init__.py": {"executed_lines": [1, 2, 3, 4, 5], "summary": {"covered_lines": 5, "num_statements": 5, "percent_covered": 100.0, "percent_covered_display": "100", "missing_lines": 0, "excluded_lines": 0, "num_branches": 0, "num_partial_branches": 0, "covered_branches": 0, "missing_branches": 0}, "missing_lines": [], "excluded_lines": [], "executed_branches": [], "missing_branches": [], "functions": {"": {"executed_lines": [1, 2, 3, 4, 5], "summary": {"covered_lines": 5, "num_statements": 5, "percent_covered": 100.0, "percent_covered_display": "100", "missing_lines": 0, "excluded_lines": 0, "num_branches": 0, "num_partial_branches": 0, "covered_branches": 0, "missing_branches": 0}, "missing_lines": [], "excluded_lines": [], "executed_branches": [], "missing_branches": []}}, "classes": {"": {"executed_lines": [1, 2, 3, 4, 5], "summary": {"covered_lines": 5, "num_statements": 5, "percent_covered": 100.0, "percent_covered_display": "100", "missing_lines": 0, "excluded_lines": 0, "num_branches": 0, "num_partial_branches": 0, "covered_branches": 0, "missing_branches": 0}, "missing_lines": [], "excluded_lines": [], "executed_branches": [], "missing_branches": []}}}, "src/utils/test/api.py": {"executed_lines": [1, 2, 3, 4, 6, 7, 8, 10, 13, 14, 16, 17, 18, 19, 20, 22, 25, 33, 38, 58, 65, 68, 79, 81, 83, 97, 98, 101, 102, 106, 111, 117, 139], "summary": {"covered_lines": 33, "num_statements": 94, "percent_covered": 29.850746268656717, "percent_covered_display": "30", "missing_lines": 61, "excluded_lines": 0, "num_branches": 40, "num_partial_branches": 1, "covered_branches": 7, "missing_branches": 33}, "missing_lines": [23, 29, 30, 31, 42, 43, 45, 46, 47, 48, 49, 50, 51, 52, 54, 55, 62, 69, 70, 72, 73, 74, 75, 76, 91, 92, 93, 94, 95, 99, 103, 104, 107, 109, 112, 113, 114, 115, 125, 126, 127, 128, 129, 130, 131, 137, 147, 148, 150, 151, 152, 153, 154, 156, 157, 158, 160, 161, 162, 168, 170], "excluded_lines": [], "executed_branches": [[13, 14], [13, 16], [33, 33], [33, 38], [98, 97], [98, 101], [102, 101], [102, 106]], "missing_branches": [[33, -33], [42, 43], [42, 45], [45, 46], [45, 49], [50, 51], [50, 52], [69, 70], [69, 72], [72, -68], [72, 73], [73, 74], [73, 75], [75, 72], [75, 76], [113, 114], [113, 115], [125, 126], [125, 127], [127, 128], [127, 129], [129, 130], [129, 131], [147, 148], [147, 150], [150, 151], [150, 170], [151, 152], [151, 153], [153, 154], [153, 156], [157, 158], [157, 160]], "functions": {"ExpectedResponse.__post_init__": {"executed_lines": [], "summary": {"covered_lines": 0, "num_statements": 1, "percent_covered": 0.0, "percent_covered_display": "0", "missing_lines": 1, "excluded_lines": 0, "num_branches": 0, "num_partial_branches": 0, "covered_branches": 0, "missing_branches": 0}, "missing_lines": [23], "excluded_lines": [], "executed_branches": [], "missing_branches": []}, "ExpectedResponse.validate": {"executed_lines": [], "summary": {"covered_lines": 0, "num_statements": 3, "percent_covered": 0.0, "percent_covered_display": "0", "missing_lines": 3, "excluded_lines": 0, "num_branches": 0, "num_partial_branches": 0, "covered_branches": 0, "missing_branches": 0}, "missing_lines": [29, 30, 31], "excluded_lines": [], "executed_branches": [], "missing_branches": []}, "ExpectedResponse.validate_headers": {"executed_lines": [], "summary": {"covered_lines": 0, "num_statements": 0, "percent_covered": 100.0, "percent_covered_display": "100", "missing_lines": 0, "excluded_lines": 0, "num_branches": 0, "num_partial_branches": 0, "covered_branches": 0, "missing_branches": 0}, "missing_lines": [], "excluded_lines": [], "executed_branches": [], "missing_branches": []}, "ExpectedResponse.validate_body": {"executed_lines": [], "summary": {"covered_lines": 0, "num_statements": 12, "percent_covered": 0.0, "percent_covered_display": "0", "missing_lines": 12, "excluded_lines": 0, "num_branches": 6, "num_partial_branches": 0, "covered_branches": 0, "missing_branches": 6}, "missing_lines": [42, 43, 45, 46, 47, 48, 49, 50, 51, 52, 54, 55], "excluded_lines": [], "executed_branches": [], "missing_branches": [[42, 43], [42, 45], [45, 46], [45, 49], [50, 51], [50, 52]]}, "validate_response": {"executed_lines": [], "summary": {"covered_lines": 0, "num_statements": 1, "percent_covered": 0.0, "percent_covered_display": "0", "missing_lines": 1, "excluded_lines": 0, "num_branches": 0, "num_partial_branches": 0, "covered_branches": 0, "missing_branches": 0}, "missing_lines": [62], "excluded_lines": [], "executed_branches": [], "missing_branches": []}, "validate_is_schema": {"executed_lines": [], "summary": {"covered_lines": 0, "num_statements": 7, "percent_covered": 0.0, "percent_covered_display": "0", "missing_lines": 7, "excluded_lines": 0, "num_branches": 8, "num_partial_branches": 0, "covered_branches": 0, "missing_branches": 8}, "missing_lines": [69, 70, 72, 73, 74, 75, 76], "excluded_lines": [], "executed_branches": [], "missing_branches": [[69, 70], [69, 72], [72, -68], [72, 73], [73, 74], [73, 75], [75, 72], [75, 76]]}, "TestOrchestrator.__init__": {"executed_lines": [], "summary": {"covered_lines": 0, "num_statements": 5, "percent_covered": 0.0, "percent_covered_display": "0", "missing_lines": 5, "excluded_lines": 0, "num_branches": 0, "num_partial_branches": 0, "covered_branches": 0, "missing_branches": 0}, "missing_lines": [91, 92, 93, 94, 95], "excluded_lines": [], "executed_branches": [], "missing_branches": []}, "TestOrchestrator.request_body_factory": {"executed_lines": [], "summary": {"covered_lines": 0, "num_statements": 2, "percent_covered": 0.0, "percent_covered_display": "0", "missing_lines": 2, "excluded_lines": 0, "num_branches": 0, "num_partial_branches": 0, "covered_branches": 0, "missing_branches": 0}, "missing_lines": [103, 104], "excluded_lines": [], "executed_branches": [], "missing_branches": []}, "TestOrchestrator.get_url": {"executed_lines": [], "summary": {"covered_lines": 0, "num_statements": 2, "percent_covered": 0.0, "percent_covered_display": "0", "missing_lines": 2, "excluded_lines": 0, "num_branches": 0, "num_partial_branches": 0, "covered_branches": 0, "missing_branches": 0}, "missing_lines": [107, 109], "excluded_lines": [], "executed_branches": [], "missing_branches": []}, "TestOrchestrator.make_request_body": {"executed_lines": [], "summary": {"covered_lines": 0, "num_statements": 4, "percent_covered": 0.0, "percent_covered_display": "0", "missing_lines": 4, "excluded_lines": 0, "num_branches": 2, "num_partial_branches": 0, "covered_branches": 0, "missing_branches": 2}, "missing_lines": [112, 113, 114, 115], "excluded_lines": [], "executed_branches": [], "missing_branches": [[113, 114], [113, 115]]}, "TestOrchestrator.get_response": {"executed_lines": [], "summary": {"covered_lines": 0, "num_statements": 8, "percent_covered": 0.0, "percent_covered_display": "0", "missing_lines": 8, "excluded_lines": 0, "num_branches": 6, "num_partial_branches": 0, "covered_branches": 0, "missing_branches": 6}, "missing_lines": [125, 126, 127, 128, 129, 130, 131, 137], "excluded_lines": [], "executed_branches": [], "missing_branches": [[125, 126], [125, 127], [127, 128], [127, 129], [129, 130], [129, 131]]}, "TestOrchestrator.make_expected_response": {"executed_lines": [], "summary": {"covered_lines": 0, "num_statements": 15, "percent_covered": 0.0, "percent_covered_display": "0", "missing_lines": 15, "excluded_lines": 0, "num_branches": 10, "num_partial_branches": 0, "covered_branches": 0, "missing_branches": 10}, "missing_lines": [147, 148, 150, 151, 152, 153, 154, 156, 157, 158, 160, 161, 162, 168, 170], "excluded_lines": [], "executed_branches": [], "missing_branches": [[147, 148], [147, 150], [150, 151], [150, 170], [151, 152], [151, 153], [153, 154], [153, 156], [157, 158], [157, 160]]}, "": {"executed_lines": [1, 2, 3, 4, 6, 7, 8, 10, 13, 14, 16, 17, 18, 19, 20, 22, 25, 33, 38, 58, 65, 68, 79, 81, 83, 97, 98, 101, 102, 106, 111, 117, 139], "summary": {"covered_lines": 33, "num_statements": 33, "percent_covered": 97.5609756097561, "percent_covered_display": "98", "missing_lines": 0, "excluded_lines": 0, "num_branches": 8, "num_partial_branches": 1, "covered_branches": 7, "missing_branches": 1}, "missing_lines": [], "excluded_lines": [], "executed_branches": [[13, 14], [13, 16], [33, 33], [33, 38], [98, 97], [98, 101], [102, 101], [102, 106]], "missing_branches": [[33, -33]]}}, "classes": {"ExpectedResponse": {"executed_lines": [], "summary": {"covered_lines": 0, "num_statements": 16, "percent_covered": 0.0, "percent_covered_display": "0", "missing_lines": 16, "excluded_lines": 0, "num_branches": 6, "num_partial_branches": 0, "covered_branches": 0, "missing_branches": 6}, "missing_lines": [23, 29, 30, 31, 42, 43, 45, 46, 47, 48, 49, 50, 51, 52, 54, 55], "excluded_lines": [], "executed_branches": [], "missing_branches": [[42, 43], [42, 45], [45, 46], [45, 49], [50, 51], [50, 52]]}, "TestOrchestrator": {"executed_lines": [], "summary": {"covered_lines": 0, "num_statements": 37, "percent_covered": 0.0, "percent_covered_display": "0", "missing_lines": 37, "excluded_lines": 0, "num_branches": 18, "num_partial_branches": 0, "covered_branches": 0, "missing_branches": 18}, "missing_lines": [91, 92, 93, 94, 95, 99, 103, 104, 107, 109, 112, 113, 114, 115, 125, 126, 127, 128, 129, 130, 131, 137, 147, 148, 150, 151, 152, 153, 154, 156, 157, 158, 160, 161, 162, 168, 170], "excluded_lines": [], "executed_branches": [], "missing_branches": [[113, 114], [113, 115], [125, 126], [125, 127], [127, 128], [127, 129], [129, 130], [129, 131], [147, 148], [147, 150], [150, 151], [150, 170], [151, 152], [151, 153], [153, 154], [153, 156], [157, 158], [157, 160]]}, "": {"executed_lines": [1, 2, 3, 4, 6, 7, 8, 10, 13, 14, 16, 17, 18, 19, 20, 22, 25, 33, 38, 58, 65, 68, 79, 81, 83, 97, 98, 101, 102, 106, 111, 117, 139], "summary": {"covered_lines": 33, "num_statements": 41, "percent_covered": 70.17543859649123, "percent_covered_display": "70", "missing_lines": 8, "excluded_lines": 0, "num_branches": 16, "num_partial_branches": 1, "covered_branches": 7, "missing_branches": 9}, "missing_lines": [62, 69, 70, 72, 73, 74, 75, 76], "excluded_lines": [], "executed_branches": [[13, 14], [13, 16], [33, 33], [33, 38], [98, 97], [98, 101], [102, 101], [102, 106]], "missing_branches": [[33, -33], [69, 70], [69, 72], [72, -68], [72, 73], [73, 74], [73, 75], [75, 72], [75, 76]]}}}, "src/utils/test/databases.py": {"executed_lines": [1, 3, 6, 7, 37, 54, 74, 87], "summary": {"covered_lines": 7, "num_statements": 26, "percent_covered": 18.42105263157895, "percent_covered_display": "18", "missing_lines": 19, "excluded_lines": 0, "num_branches": 12, "num_partial_branches": 0, "covered_branches": 0, "missing_branches": 12}, "missing_lines": [42, 44, 45, 47, 48, 49, 51, 52, 67, 68, 69, 70, 71, 72, 84, 85, 89, 90, 91], "excluded_lines": [], "executed_branches": [], "missing_branches": [[44, 45], [44, 47], [47, 48], [47, 51], [67, -54], [67, 68], [84, -74], [84, 85], [89, -87], [89, 90], [90, 89], [90, 91]], "functions": {"SqlDatabase.__init__": {"executed_lines": [], "summary": {"covered_lines": 0, "num_statements": 8, "percent_covered": 0.0, "percent_covered_display": "0", "missing_lines": 8, "excluded_lines": 0, "num_branches": 4, "num_partial_branches": 0, "covered_branches": 0, "missing_branches": 4}, "missing_lines": [42, 44, 45, 47, 48, 49, 51, 52], "excluded_lines": [], "executed_branches": [], "missing_branches": [[44, 45], [44, 47], [47, 48], [47, 51]]}, "SqlDatabase.get": {"executed_lines": [], "summary": {"covered_lines": 0, "num_statements": 6, "percent_covered": 0.0, "percent_covered_display": "0", "missing_lines": 6, "excluded_lines": 0, "num_branches": 2, "num_partial_branches": 0, "covered_branches": 0, "missing_branches": 2}, "missing_lines": [67, 68, 69, 70, 71, 72], "excluded_lines": [], "executed_branches": [], "missing_branches": [[67, -54], [67, 68]]}, "SqlDatabase.remove": {"executed_lines": [], "summary": {"covered_lines": 0, "num_statements": 2, "percent_covered": 0.0, "percent_covered_display": "0", "missing_lines": 2, "excluded_lines": 0, "num_branches": 2, "num_partial_branches": 0, "covered_branches": 0, "missing_branches": 2}, "missing_lines": [84, 85], "excluded_lines": [], "executed_branches": [], "missing_branches": [[84, -74], [84, 85]]}, "SqlDatabase.clear": {"executed_lines": [], "summary": {"covered_lines": 0, "num_statements": 3, "percent_covered": 0.0, "percent_covered_display": "0", "missing_lines": 3, "excluded_lines": 0, "num_branches": 4, "num_partial_branches": 0, "covered_branches": 0, "missing_branches": 4}, "missing_lines": [89, 90, 91], "excluded_lines": [], "executed_branches": [], "missing_branches": [[89, -87], [89, 90], [90, 89], [90, 91]]}, "": {"executed_lines": [1, 3, 6, 7, 37, 54, 74, 87], "summary": {"covered_lines": 7, "num_statements": 7, "percent_covered": 100.0, "percent_covered_display": "100", "missing_lines": 0, "excluded_lines": 0, "num_branches": 0, "num_partial_branches": 0, "covered_branches": 0, "missing_branches": 0}, "missing_lines": [], "excluded_lines": [], "executed_branches": [], "missing_branches": []}}, "classes": {"SqlDatabase": {"executed_lines": [], "summary": {"covered_lines": 0, "num_statements": 19, "percent_covered": 0.0, "percent_covered_display": "0", "missing_lines": 19, "excluded_lines": 0, "num_branches": 12, "num_partial_branches": 0, "covered_branches": 0, "missing_branches": 12}, "missing_lines": [42, 44, 45, 47, 48, 49, 51, 52, 67, 68, 69, 70, 71, 72, 84, 85, 89, 90, 91], "excluded_lines": [], "executed_branches": [], "missing_branches": [[44, 45], [44, 47], [47, 48], [47, 51], [67, -54], [67, 68], [84, -74], [84, 85], [89, -87], [89, 90], [90, 89], [90, 91]]}, "": {"executed_lines": [1, 3, 6, 7, 37, 54, 74, 87], "summary": {"covered_lines": 7, "num_statements": 7, "percent_covered": 100.0, "percent_covered_display": "100", "missing_lines": 0, "excluded_lines": 0, "num_branches": 0, "num_partial_branches": 0, "covered_branches": 0, "missing_branches": 0}, "missing_lines": [], "excluded_lines": [], "executed_branches": [], "missing_branches": []}}}, "src/utils/test/fixtures/__init__.py": {"executed_lines": [3], "summary": {"covered_lines": 1, "num_statements": 1, "percent_covered": 100.0, "percent_covered_display": "100", "missing_lines": 0, "excluded_lines": 0, "num_branches": 0, "num_partial_branches": 0, "covered_branches": 0, "missing_branches": 0}, "missing_lines": [], "excluded_lines": [], "executed_branches": [], "missing_branches": [], "functions": {"": {"executed_lines": [3], "summary": {"covered_lines": 1, "num_statements": 1, "percent_covered": 100.0, "percent_covered_display": "100", "missing_lines": 0, "excluded_lines": 0, "num_branches": 0, "num_partial_branches": 0, "covered_branches": 0, "missing_branches": 0}, "missing_lines": [], "excluded_lines": [], "executed_branches": [], "missing_branches": []}}, "classes": {"": {"executed_lines": [3], "summary": {"covered_lines": 1, "num_statements": 1, "percent_covered": 100.0, "percent_covered_display": "100", "missing_lines": 0, "excluded_lines": 0, "num_branches": 0, "num_partial_branches": 0, "covered_branches": 0, "missing_branches": 0}, "missing_lines": [], "excluded_lines": [], "executed_branches": [], "missing_branches": []}}}, "src/utils/test/fixtures/databases.py": {"executed_lines": [1, 3, 5, 6, 9, 10, 28, 29, 49, 50, 73, 74], "summary": {"covered_lines": 12, "num_statements": 23, "percent_covered": 60.60606060606061, "percent_covered_display": "61", "missing_lines": 11, "excluded_lines": 0, "num_branches": 10, "num_partial_branches": 0, "covered_branches": 8, "missing_branches": 2}, "missing_lines": [24, 25, 45, 46, 66, 67, 68, 69, 70, 93, 94], "excluded_lines": [], "executed_branches": [[10, 9], [10, 28], [29, 28], [29, 49], [50, 49], [50, 73], [74, -1], [74, 73]], "missing_branches": [[68, 69], [68, 70]], "functions": {"load_config": {"executed_lines": [], "summary": {"covered_lines": 0, "num_statements": 2, "percent_covered": 0.0, "percent_covered_display": "0", "missing_lines": 2, "excluded_lines": 0, "num_branches": 0, "num_partial_branches": 0, "covered_branches": 0, "missing_branches": 0}, "missing_lines": [24, 25], "excluded_lines": [], "executed_branches": [], "missing_branches": []}, "config": {"executed_lines": [], "summary": {"covered_lines": 0, "num_statements": 2, "percent_covered": 0.0, "percent_covered_display": "0", "missing_lines": 2, "excluded_lines": 0, "num_branches": 0, "num_partial_branches": 0, "covered_branches": 0, "missing_branches": 0}, "missing_lines": [45, 46], "excluded_lines": [], "executed_branches": [], "missing_branches": []}, "sql_database_uri": {"executed_lines": [], "summary": {"covered_lines": 0, "num_statements": 5, "percent_covered": 0.0, "percent_covered_display": "0", "missing_lines": 5, "excluded_lines": 0, "num_branches": 2, "num_partial_branches": 0, "covered_branches": 0, "missing_branches": 2}, "missing_lines": [66, 67, 68, 69, 70], "excluded_lines": [], "executed_branches": [], "missing_branches": [[68, 69], [68, 70]]}, "sql_database": {"executed_lines": [], "summary": {"covered_lines": 0, "num_statements": 2, "percent_covered": 0.0, "percent_covered_display": "0", "missing_lines": 2, "excluded_lines": 0, "num_branches": 0, "num_partial_branches": 0, "covered_branches": 0, "missing_branches": 0}, "missing_lines": [93, 94], "excluded_lines": [], "executed_branches": [], "missing_branches": []}, "": {"executed_lines": [1, 3, 5, 6, 9, 10, 28, 29, 49, 50, 73, 74], "summary": {"covered_lines": 12, "num_statements": 12, "percent_covered": 100.0, "percent_covered_display": "100", "missing_lines": 0, "excluded_lines": 0, "num_branches": 8, "num_partial_branches": 0, "covered_branches": 8, "missing_branches": 0}, "missing_lines": [], "excluded_lines": [], "executed_branches": [[10, 9], [10, 28], [29, 28], [29, 49], [50, 49], [50, 73], [74, -1], [74, 73]], "missing_branches": []}}, "classes": {"": {"executed_lines": [1, 3, 5, 6, 9, 10, 28, 29, 49, 50, 73, 74], "summary": {"covered_lines": 12, "num_statements": 23, "percent_covered": 60.60606060606061, "percent_covered_display": "61", "missing_lines": 11, "excluded_lines": 0, "num_branches": 10, "num_partial_branches": 0, "covered_branches": 8, "missing_branches": 2}, "missing_lines": [24, 25, 45, 46, 66, 67, 68, 69, 70, 93, 94], "excluded_lines": [], "executed_branches": [[10, 9], [10, 28], [29, 28], [29, 49], [50, 49], [50, 73], [74, -1], [74, 73]], "missing_branches": [[68, 69], [68, 70]]}}}, "src/utils/test/rest.py": {"executed_lines": [1, 2, 5], "summary": {"covered_lines": 3, "num_statements": 4, "percent_covered": 75.0, "percent_covered_display": "75", "missing_lines": 1, "excluded_lines": 0, "num_branches": 0, "num_partial_branches": 0, "covered_branches": 0, "missing_branches": 0}, "missing_lines": [22], "excluded_lines": [], "executed_branches": [], "missing_branches": [], "functions": {"response_to_dict": {"executed_lines": [], "summary": {"covered_lines": 0, "num_statements": 1, "percent_covered": 0.0, "percent_covered_display": "0", "missing_lines": 1, "excluded_lines": 0, "num_branches": 0, "num_partial_branches": 0, "covered_branches": 0, "missing_branches": 0}, "missing_lines": [22], "excluded_lines": [], "executed_branches": [], "missing_branches": []}, "": {"executed_lines": [1, 2, 5], "summary": {"covered_lines": 3, "num_statements": 3, "percent_covered": 100.0, "percent_covered_display": "100", "missing_lines": 0, "excluded_lines": 0, "num_branches": 0, "num_partial_branches": 0, "covered_branches": 0, "missing_branches": 0}, "missing_lines": [], "excluded_lines": [], "executed_branches": [], "missing_branches": []}}, "classes": {"": {"executed_lines": [1, 2, 5], "summary": {"covered_lines": 3, "num_statements": 4, "percent_covered": 75.0, "percent_covered_display": "75", "missing_lines": 1, "excluded_lines": 0, "num_branches": 0, "num_partial_branches": 0, "covered_branches": 0, "missing_branches": 0}, "missing_lines": [22], "excluded_lines": [], "executed_branches": [], "missing_branches": []}}}, "src/utils/test/states.py": {"executed_lines": [1, 3, 6, 7, 9, 21, 37, 51, 52, 69, 70], "summary": {"covered_lines": 10, "num_statements": 23, "percent_covered": 51.851851851851855, "percent_covered_display": "52", "missing_lines": 13, "excluded_lines": 0, "num_branches": 4, "num_partial_branches": 0, "covered_branches": 4, "missing_branches": 0}, "missing_lines": [15, 17, 18, 19, 30, 35, 46, 47, 48, 49, 61, 63, 78], "excluded_lines": [], "executed_branches": [[52, 51], [52, 69], [70, -6], [70, 69]], "missing_branches": [], "functions": {"UnitTestState.__init__": {"executed_lines": [], "summary": {"covered_lines": 0, "num_statements": 4, "percent_covered": 0.0, "percent_covered_display": "0", "missing_lines": 4, "excluded_lines": 0, "num_branches": 0, "num_partial_branches": 0, "covered_branches": 0, "missing_branches": 0}, "missing_lines": [15, 17, 18, 19], "excluded_lines": [], "executed_branches": [], "missing_branches": []}, "UnitTestState.__add__": {"executed_lines": [], "summary": {"covered_lines": 0, "num_statements": 2, "percent_covered": 0.0, "percent_covered_display": "0", "missing_lines": 2, "excluded_lines": 0, "num_branches": 0, "num_partial_branches": 0, "covered_branches": 0, "missing_branches": 0}, "missing_lines": [30, 35], "excluded_lines": [], "executed_branches": [], "missing_branches": []}, "UnitTestState.__iadd__": {"executed_lines": [], "summary": {"covered_lines": 0, "num_statements": 4, "percent_covered": 0.0, "percent_covered_display": "0", "missing_lines": 4, "excluded_lines": 0, "num_branches": 0, "num_partial_branches": 0, "covered_branches": 0, "missing_branches": 0}, "missing_lines": [46, 47, 48, 49], "excluded_lines": [], "executed_branches": [], "missing_branches": []}, "UnitTestState.__eq__": {"executed_lines": [], "summary": {"covered_lines": 0, "num_statements": 2, "percent_covered": 0.0, "percent_covered_display": "0", "missing_lines": 2, "excluded_lines": 0, "num_branches": 0, "num_partial_branches": 0, "covered_branches": 0, "missing_branches": 0}, "missing_lines": [61, 63], "excluded_lines": [], "executed_branches": [], "missing_branches": []}, "UnitTestState.__str__": {"executed_lines": [], "summary": {"covered_lines": 0, "num_statements": 1, "percent_covered": 0.0, "percent_covered_display": "0", "missing_lines": 1, "excluded_lines": 0, "num_branches": 0, "num_partial_branches": 0, "covered_branches": 0, "missing_branches": 0}, "missing_lines": [78], "excluded_lines": [], "executed_branches": [], "missing_branches": []}, "": {"executed_lines": [1, 3, 6, 7, 9, 21, 37, 51, 52, 69, 70], "summary": {"covered_lines": 10, "num_statements": 10, "percent_covered": 100.0, "percent_covered_display": "100", "missing_lines": 0, "excluded_lines": 0, "num_branches": 4, "num_partial_branches": 0, "covered_branches": 4, "missing_branches": 0}, "missing_lines": [], "excluded_lines": [], "executed_branches": [[52, 51], [52, 69], [70, -6], [70, 69]], "missing_branches": []}}, "classes": {"UnitTestState": {"executed_lines": [], "summary": {"covered_lines": 0, "num_statements": 13, "percent_covered": 0.0, "percent_covered_display": "0", "missing_lines": 13, "excluded_lines": 0, "num_branches": 0, "num_partial_branches": 0, "covered_branches": 0, "missing_branches": 0}, "missing_lines": [15, 17, 18, 19, 30, 35, 46, 47, 48, 49, 61, 63, 78], "excluded_lines": [], "executed_branches": [], "missing_branches": []}, "": {"executed_lines": [1, 3, 6, 7, 9, 21, 37, 51, 52, 69, 70], "summary": {"covered_lines": 10, "num_statements": 10, "percent_covered": 100.0, "percent_covered_display": "100", "missing_lines": 0, "excluded_lines": 0, "num_branches": 4, "num_partial_branches": 0, "covered_branches": 4, "missing_branches": 0}, "missing_lines": [], "excluded_lines": [], "executed_branches": [[52, 51], [52, 69], [70, -6], [70, 69]], "missing_branches": []}}}, "src/utils/values/__init__.py": {"executed_lines": [1, 2, 3], "summary": {"covered_lines": 3, "num_statements": 3, "percent_covered": 100.0, "percent_covered_display": "100", "missing_lines": 0, "excluded_lines": 0, "num_branches": 0, "num_partial_branches": 0, "covered_branches": 0, "missing_branches": 0}, "missing_lines": [], "excluded_lines": [], "executed_branches": [], "missing_branches": [], "functions": {"": {"executed_lines": [1, 2, 3], "summary": {"covered_lines": 3, "num_statements": 3, "percent_covered": 100.0, "percent_covered_display": "100", "missing_lines": 0, "excluded_lines": 0, "num_branches": 0, "num_partial_branches": 0, "covered_branches": 0, "missing_branches": 0}, "missing_lines": [], "excluded_lines": [], "executed_branches": [], "missing_branches": []}}, "classes": {"": {"executed_lines": [1, 2, 3], "summary": {"covered_lines": 3, "num_statements": 3, "percent_covered": 100.0, "percent_covered_display": "100", "missing_lines": 0, "excluded_lines": 0, "num_branches": 0, "num_partial_branches": 0, "covered_branches": 0, "missing_branches": 0}, "missing_lines": [], "excluded_lines": [], "executed_branches": [], "missing_branches": []}}}, "src/utils/values/compare.py": {"executed_lines": [1, 4], "summary": {"covered_lines": 2, "num_statements": 12, "percent_covered": 9.090909090909092, "percent_covered_display": "9", "missing_lines": 10, "excluded_lines": 0, "num_branches": 10, "num_partial_branches": 0, "covered_branches": 0, "missing_branches": 10}, "missing_lines": [42, 43, 45, 46, 48, 49, 50, 51, 52, 54], "excluded_lines": [], "executed_branches": [], "missing_branches": [[42, 43], [42, 45], [45, 46], [45, 48], [48, 49], [48, 54], [49, 50], [49, 51], [51, 48], [51, 52]], "functions": {"is_sub_dict": {"executed_lines": [], "summary": {"covered_lines": 0, "num_statements": 10, "percent_covered": 0.0, "percent_covered_display": "0", "missing_lines": 10, "excluded_lines": 0, "num_branches": 10, "num_partial_branches": 0, "covered_branches": 0, "missing_branches": 10}, "missing_lines": [42, 43, 45, 46, 48, 49, 50, 51, 52, 54], "excluded_lines": [], "executed_branches": [], "missing_branches": [[42, 43], [42, 45], [45, 46], [45, 48], [48, 49], [48, 54], [49, 50], [49, 51], [51, 48], [51, 52]]}, "": {"executed_lines": [1, 4], "summary": {"covered_lines": 2, "num_statements": 2, "percent_covered": 100.0, "percent_covered_display": "100", "missing_lines": 0, "excluded_lines": 0, "num_branches": 0, "num_partial_branches": 0, "covered_branches": 0, "missing_branches": 0}, "missing_lines": [], "excluded_lines": [], "executed_branches": [], "missing_branches": []}}, "classes": {"": {"executed_lines": [1, 4], "summary": {"covered_lines": 2, "num_statements": 12, "percent_covered": 9.090909090909092, "percent_covered_display": "9", "missing_lines": 10, "excluded_lines": 0, "num_branches": 10, "num_partial_branches": 0, "covered_branches": 0, "missing_branches": 10}, "missing_lines": [42, 43, 45, 46, 48, 49, 50, 51, 52, 54], "excluded_lines": [], "executed_branches": [], "missing_branches": [[42, 43], [42, 45], [45, 46], [45, 48], [48, 49], [48, 54], [49, 50], [49, 51], [51, 48], [51, 52]]}}}, "src/utils/values/generators.py": {"executed_lines": [1, 2, 5], "summary": {"covered_lines": 3, "num_statements": 11, "percent_covered": 15.789473684210526, "percent_covered_display": "16", "missing_lines": 8, "excluded_lines": 0, "num_branches": 8, "num_partial_branches": 0, "covered_branches": 0, "missing_branches": 8}, "missing_lines": [13, 14, 15, 16, 17, 18, 19, 21], "excluded_lines": [], "executed_branches": [], "missing_branches": [[14, 15], [14, 16], [16, 17], [16, 18], [18, 19], [18, 21], [21, -21], [21, -5]], "functions": {"generate_random_string": {"executed_lines": [], "summary": {"covered_lines": 0, "num_statements": 8, "percent_covered": 0.0, "percent_covered_display": "0", "missing_lines": 8, "excluded_lines": 0, "num_branches": 8, "num_partial_branches": 0, "covered_branches": 0, "missing_branches": 8}, "missing_lines": [13, 14, 15, 16, 17, 18, 19, 21], "excluded_lines": [], "executed_branches": [], "missing_branches": [[14, 15], [14, 16], [16, 17], [16, 18], [18, 19], [18, 21], [21, -21], [21, -5]]}, "": {"executed_lines": [1, 2, 5], "summary": {"covered_lines": 3, "num_statements": 3, "percent_covered": 100.0, "percent_covered_display": "100", "missing_lines": 0, "excluded_lines": 0, "num_branches": 0, "num_partial_branches": 0, "covered_branches": 0, "missing_branches": 0}, "missing_lines": [], "excluded_lines": [], "executed_branches": [], "missing_branches": []}}, "classes": {"": {"executed_lines": [1, 2, 5], "summary": {"covered_lines": 3, "num_statements": 11, "percent_covered": 15.789473684210526, "percent_covered_display": "16", "missing_lines": 8, "excluded_lines": 0, "num_branches": 8, "num_partial_branches": 0, "covered_branches": 0, "missing_branches": 8}, "missing_lines": [13, 14, 15, 16, 17, 18, 19, 21], "excluded_lines": [], "executed_branches": [], "missing_branches": [[14, 15], [14, 16], [16, 17], [16, 18], [18, 19], [18, 21], [21, -21], [21, -5]]}}}, "src/utils/values/parsers.py": {"executed_lines": [1, 2, 3, 4, 5, 8, 9, 11, 26, 59, 100, 130, 201, 210, 211], "summary": {"covered_lines": 14, "num_statements": 30, "percent_covered": 38.888888888888886, "percent_covered_display": "39", "missing_lines": 16, "excluded_lines": 0, "num_branches": 6, "num_partial_branches": 0, "covered_branches": 0, "missing_branches": 6}, "missing_lines": [20, 21, 22, 23, 50, 96, 97, 127, 187, 188, 193, 194, 195, 196, 197, 198], "excluded_lines": [], "executed_branches": [], "missing_branches": [[193, 194], [193, 198], [194, 195], [194, 196], [196, 193], [196, 197]], "functions": {"JSONEncoder.default": {"executed_lines": [], "summary": {"covered_lines": 0, "num_statements": 4, "percent_covered": 0.0, "percent_covered_display": "0", "missing_lines": 4, "excluded_lines": 0, "num_branches": 0, "num_partial_branches": 0, "covered_branches": 0, "missing_branches": 0}, "missing_lines": [20, 21, 22, 23], "excluded_lines": [], "executed_branches": [], "missing_branches": []}, "prettier_dict": {"executed_lines": [], "summary": {"covered_lines": 0, "num_statements": 1, "percent_covered": 0.0, "percent_covered_display": "0", "missing_lines": 1, "excluded_lines": 0, "num_branches": 0, "num_partial_branches": 0, "covered_branches": 0, "missing_branches": 0}, "missing_lines": [50], "excluded_lines": [], "executed_branches": [], "missing_branches": []}, "jsonify_datetime": {"executed_lines": [], "summary": {"covered_lines": 0, "num_statements": 2, "percent_covered": 0.0, "percent_covered_display": "0", "missing_lines": 2, "excluded_lines": 0, "num_branches": 0, "num_partial_branches": 0, "covered_branches": 0, "missing_branches": 0}, "missing_lines": [96, 97], "excluded_lines": [], "executed_branches": [], "missing_branches": []}, "jsonify_enum": {"executed_lines": [], "summary": {"covered_lines": 0, "num_statements": 1, "percent_covered": 0.0, "percent_covered_display": "0", "missing_lines": 1, "excluded_lines": 0, "num_branches": 0, "num_partial_branches": 0, "covered_branches": 0, "missing_branches": 0}, "missing_lines": [127], "excluded_lines": [], "executed_branches": [], "missing_branches": []}, "jsonify_dict": {"executed_lines": [], "summary": {"covered_lines": 0, "num_statements": 8, "percent_covered": 0.0, "percent_covered_display": "0", "missing_lines": 8, "excluded_lines": 0, "num_branches": 6, "num_partial_branches": 0, "covered_branches": 0, "missing_branches": 6}, "missing_lines": [187, 188, 193, 194, 195, 196, 197, 198], "excluded_lines": [], "executed_branches": [], "missing_branches": [[193, 194], [193, 198], [194, 195], [194, 196], [196, 193], [196, 197]]}, "string_to_snake_case": {"executed_lines": [210, 211], "summary": {"covered_lines": 2, "num_statements": 2, "percent_covered": 100.0, "percent_covered_display": "100", "missing_lines": 0, "excluded_lines": 0, "num_branches": 0, "num_partial_branches": 0, "covered_branches": 0, "missing_branches": 0}, "missing_lines": [], "excluded_lines": [], "executed_branches": [], "missing_branches": []}, "": {"executed_lines": [1, 2, 3, 4, 5, 8, 9, 11, 26, 59, 100, 130, 201], "summary": {"covered_lines": 12, "num_statements": 12, "percent_covered": 100.0, "percent_covered_display": "100", "missing_lines": 0, "excluded_lines": 0, "num_branches": 0, "num_partial_branches": 0, "covered_branches": 0, "missing_branches": 0}, "missing_lines": [], "excluded_lines": [], "executed_branches": [], "missing_branches": []}}, "classes": {"JSONEncoder": {"executed_lines": [], "summary": {"covered_lines": 0, "num_statements": 4, "percent_covered": 0.0, "percent_covered_display": "0", "missing_lines": 4, "excluded_lines": 0, "num_branches": 0, "num_partial_branches": 0, "covered_branches": 0, "missing_branches": 0}, "missing_lines": [20, 21, 22, 23], "excluded_lines": [], "executed_branches": [], "missing_branches": []}, "": {"executed_lines": [1, 2, 3, 4, 5, 8, 9, 11, 26, 59, 100, 130, 201, 210, 211], "summary": {"covered_lines": 14, "num_statements": 26, "percent_covered": 43.75, "percent_covered_display": "44", "missing_lines": 12, "excluded_lines": 0, "num_branches": 6, "num_partial_branches": 0, "covered_branches": 0, "missing_branches": 6}, "missing_lines": [50, 96, 97, 127, 187, 188, 193, 194, 195, 196, 197, 198], "excluded_lines": [], "executed_branches": [], "missing_branches": [[193, 194], [193, 198], [194, 195], [194, 196], [196, 193], [196, 197]]}}}}, "totals": {"covered_lines": 242, "num_statements": 488, "percent_covered": 46.02446483180428, "percent_covered_display": "46", "missing_lines": 246, "excluded_lines": 0, "num_branches": 166, "num_partial_branches": 5, "covered_branches": 59, "missing_branches": 107}}